gojimmypi:/mnt/c/workspace/wolfssl-gojimmypi/IDE/Espressif/ESP-IDF5/examples/wolfssl_server_6205
$ ./inspect_test.sh
    0:d=0  hl=4 l= 698 cons: SEQUENCE
    4:d=1  hl=4 l= 418 cons: SEQUENCE
    8:d=2  hl=2 l=   1 prim: INTEGER           :00
   11:d=2  hl=2 l= 117 cons: SEQUENCE
   13:d=3  hl=2 l=  11 cons: SET
   15:d=4  hl=2 l=   9 cons: SEQUENCE
   17:d=5  hl=2 l=   3 prim: OBJECT            :countryName
   22:d=5  hl=2 l=   2 prim: PRINTABLESTRING   :NZ
   26:d=3  hl=2 l=  16 cons: SET
   28:d=4  hl=2 l=  14 cons: SEQUENCE
   30:d=5  hl=2 l=   3 prim: OBJECT            :stateOrProvinceName
   35:d=5  hl=2 l=   7 prim: UTF8STRING        :Waikato
   44:d=3  hl=2 l=  17 cons: SET
   46:d=4  hl=2 l=  15 cons: SEQUENCE
   48:d=5  hl=2 l=   3 prim: OBJECT            :localityName
   53:d=5  hl=2 l=   8 prim: UTF8STRING        :Hamilton
   63:d=3  hl=2 l=  32 cons: SET
   65:d=4  hl=2 l=  30 cons: SEQUENCE
   67:d=5  hl=2 l=   3 prim: OBJECT            :organizationName
   72:d=5  hl=2 l=  23 prim: UTF8STRING        :Blue Leaf Software, Ltd
   97:d=3  hl=2 l=  31 cons: SET
   99:d=4  hl=2 l=  29 cons: SEQUENCE
  101:d=5  hl=2 l=   3 prim: OBJECT            :commonName
  106:d=5  hl=2 l=  22 prim: UTF8STRING        :Lumos HW, SN = BLS-002
  130:d=2  hl=4 l= 290 cons: SEQUENCE
  134:d=3  hl=2 l=  13 cons: SEQUENCE
  136:d=4  hl=2 l=   9 prim: OBJECT            :rsaEncryption
  147:d=4  hl=2 l=   0 prim: NULL
  149:d=3  hl=4 l= 271 prim: BIT STRING
  424:d=2  hl=2 l=   0 cons: cont [ 0 ]
  426:d=1  hl=2 l=  13 cons: SEQUENCE
  428:d=2  hl=2 l=   9 prim: OBJECT            :sha256WithRSAEncryption
  439:d=2  hl=2 l=   0 prim: NULL
  441:d=1  hl=4 l= 257 prim: BIT STRING
Certificate request self-signature did not match the contents
40073200AD7F0000:error:0200008A:rsa routines:RSA_padding_check_PKCS1_type_1:invalid padding:../crypto/rsa/rsa_pk1.c:75:
40073200AD7F0000:error:02000072:rsa routines:rsa_ossl_public_decrypt:padding check failed:../crypto/rsa/rsa_ossl.c:606:
40073200AD7F0000:error:1C880004:Provider routines:rsa_verify:RSA lib:../providers/implementations/signature/rsa_sig.c:774:
40073200AD7F0000:error:06880006:asn1 encoding routines:ASN1_item_verify_ctx:EVP lib:../crypto/asn1/a_verify.c:217:
Certificate request self-signature did not match the contents
40071A2BA57F0000:error:0200008A:rsa routines:RSA_padding_check_PKCS1_type_1:invalid padding:../crypto/rsa/rsa_pk1.c:75:
40071A2BA57F0000:error:02000072:rsa routines:rsa_ossl_public_decrypt:padding check failed:../crypto/rsa/rsa_ossl.c:606:
40071A2BA57F0000:error:1C880004:Provider routines:rsa_verify:RSA lib:../providers/implementations/signature/rsa_sig.c:774:
40071A2BA57F0000:error:06880006:asn1 encoding routines:ASN1_item_verify_ctx:EVP lib:../crypto/asn1/a_verify.c:217:
Certificate request self-signature did not match the contents
4007E89F407F0000:error:0200008A:rsa routines:RSA_padding_check_PKCS1_type_1:invalid padding:../crypto/rsa/rsa_pk1.c:75:
4007E89F407F0000:error:02000072:rsa routines:rsa_ossl_public_decrypt:padding check failed:../crypto/rsa/rsa_ossl.c:606:
4007E89F407F0000:error:1C880004:Provider routines:rsa_verify:RSA lib:../providers/implementations/signature/rsa_sig.c:774:
4007E89F407F0000:error:06880006:asn1 encoding routines:ASN1_item_verify_ctx:EVP lib:../crypto/asn1/a_verify.c:217:
gojimmypi:/mnt/c/workspace/wolfssl-gojimmypi/IDE/Espressif/ESP-IDF5/examples/wolfssl_server_6205
$